Using pre-set license
Built from '2020.3/staging' branch; Version is '2020.3.9f1 (108be757e447) revision 1084391'; Using compiler version '192528614'; Build Type 'Release'
OS: 'Windows 10 Education; OS build 19042.1288; Version 2009; 64bit' Language: 'en' Physical Memory: 32709 MB
BatchMode: 1, IsHumanControllingUs: 0, StartBugReporterOnCrash: 0, Is64bit: 1, IsPro: 0

 COMMAND LINE ARGUMENTS:
C:\Program Files\Unity2020.3.9f1\Editor\Unity.exe
-adb2
-batchMode
-noUpm
-name
AssetImportWorker0
-projectPath
C:/Users/5hughj54/R&S_MineralTrade/Unity-Platformer
-logFile
Logs/AssetImportWorker0.log
-srvPort
53109
Successfully changed project path to: C:/Users/5hughj54/R&S_MineralTrade/Unity-Platformer
C:/Users/5hughj54/R&S_MineralTrade/Unity-Platformer
Using Asset Import Pipeline V2.
Refreshing native plugins compatible for Editor in 18.62 ms, found 0 plugins.
Preloading 0 native plugins for Editor in 0.00 ms.
Initialize engine version: 2020.3.9f1 (108be757e447)
[Subsystems] Discovering subsystems at path C:/Program Files/Unity2020.3.9f1/Editor/Data/Resources/UnitySubsystems
[Subsystems] Discovering subsystems at path C:/Users/5hughj54/R&S_MineralTrade/Unity-Platformer/Assets
GfxDevice: creating device client; threaded=0
Direct3D:
    Version:  Direct3D 11.0 [level 11.1]
    Renderer: NVIDIA GeForce RTX 2060 (ID=0x1f08)
    Vendor:   
    VRAM:     5980 MB
    Driver:   27.21.14.5671
Initialize mono
Mono path[0] = 'C:/Program Files/Unity2020.3.9f1/Editor/Data/Managed'
Mono path[1] = 'C:/Program Files/Unity2020.3.9f1/Editor/Data/MonoBleedingEdge/lib/mono/unityjit'
Mono config path = 'C:/Program Files/Unity2020.3.9f1/Editor/Data/MonoBleedingEdge/etc'
Using monoOptions --debugger-agent=transport=dt_socket,embedding=1,server=y,suspend=n,address=127.0.0.1:56676
Begin MonoManager ReloadAssembly
Registering precompiled unity dll's ...
Register platform support module: C:/Program Files/Unity2020.3.9f1/Editor/Data/PlaybackEngines/WebGLSupport/UnityEditor.WebGL.Extensions.dll
Register platform support module: C:/Program Files/Unity2020.3.9f1/Editor/Data/PlaybackEngines/WindowsStandaloneSupport/UnityEditor.WindowsStandalone.Extensions.dll
Registered in 0.003014 seconds.
Native extension for WindowsStandalone target not found
Native extension for WebGL target not found
Refreshing native plugins compatible for Editor in 18.59 ms, found 0 plugins.
Preloading 0 native plugins for Editor in 0.00 ms.
Mono: successfully reloaded assembly
- Completed reload, in  1.881 seconds
Platform modules already initialized, skipping
Registering precompiled user dll's ...
Registered in 0.000605 seconds.
Begin MonoManager ReloadAssembly
Native extension for WindowsStandalone target not found
Native extension for WebGL target not found
Refreshing native plugins compatible for Editor in 0.17 ms, found 0 plugins.
Preloading 0 native plugins for Editor in 0.00 ms.
Mono: successfully reloaded assembly
- Completed reload, in  0.652 seconds
Platform modules already initialized, skipping
========================================================================
Worker process is ready to serve import requests
Launched and connected shader compiler UnityShaderCompiler.exe after 0.08 seconds
Refreshing native plugins compatible for Editor in 0.17 ms, found 0 plugins.
Preloading 0 native plugins for Editor in 0.00 ms.
Unloading 1150 Unused Serialized files (Serialized files now loaded: 0)
System memory in use before: 58.0 MB.
System memory in use after: 58.1 MB.

Unloading 9 unused Assets to reduce memory usage. Loaded Objects now: 1593.
Total: 1.589300 ms (FindLiveObjects: 0.094700 ms CreateObjectMapping: 0.025200 ms MarkObjects: 1.419500 ms  DeleteObjects: 0.049200 ms)

========================================================================
Received Import Request.
  path: Assets/Platformer
  artifactKey: Guid(ecad26e148c03284db0008c61923b16a) Importer(815301076,1909f56bfc062723c751e8b465ee728b)
Start importing Assets/Platformer using Guid(ecad26e148c03284db0008c61923b16a) Importer(815301076,1909f56bfc062723c751e8b465ee728b)  -> (artifact id: 'c07149747b6b546f09f05800ce4d12e8') in 0.007677 seconds
  Import took 0.009062 seconds .

========================================================================
Received Import Request.
  Time since last request: 0.000232 seconds.
  path: Assets/Platformer/Characters
  artifactKey: Guid(a5d601aab16d1ba468274bfea0c3b29a) Importer(815301076,1909f56bfc062723c751e8b465ee728b)
Start importing Assets/Platformer/Characters using Guid(a5d601aab16d1ba468274bfea0c3b29a) Importer(815301076,1909f56bfc062723c751e8b465ee728b)  -> (artifact id: '3642cfae786eef6109bb8f309b72a9c3') in 0.005710 seconds
  Import took 0.007013 seconds .

========================================================================
Received Import Request.
  Time since last request: 6.333273 seconds.
  path: Assets/Platformer/_Levels
  artifactKey: Guid(cfd12a41f77f07f4480ccd40f9839456) Importer(815301076,1909f56bfc062723c751e8b465ee728b)
Start importing Assets/Platformer/_Levels using Guid(cfd12a41f77f07f4480ccd40f9839456) Importer(815301076,1909f56bfc062723c751e8b465ee728b)  -> (artifact id: '2381450285263c6b966101df81ea2893') in 0.007698 seconds
  Import took 0.009166 seconds .

========================================================================
Received Import Request.
  Time since last request: 0.727756 seconds.
  path: Assets/Platformer/_Levels/MainMenu.unity
  artifactKey: Guid(aee16d12c52854345861467ce1e6f138) Importer(815301076,1909f56bfc062723c751e8b465ee728b)
Start importing Assets/Platformer/_Levels/MainMenu.unity using Guid(aee16d12c52854345861467ce1e6f138) Importer(815301076,1909f56bfc062723c751e8b465ee728b)  -> (artifact id: 'e5ef4a28f39ee61e018828d50d37c263') in 0.010916 seconds
  Import took 0.012408 seconds .

========================================================================
Received Import Request.
  Time since last request: 144.498589 seconds.
  path: Assets/_Developers/jackh
  artifactKey: Guid(084fe10c4079ce94ebd1c92c8ebe94c8) Importer(815301076,1909f56bfc062723c751e8b465ee728b)
Start importing Assets/_Developers/jackh using Guid(084fe10c4079ce94ebd1c92c8ebe94c8) Importer(815301076,1909f56bfc062723c751e8b465ee728b)  -> (artifact id: 'a5274f0061697cc04949accf0ba5e1ce') in 0.005969 seconds
  Import took 0.007586 seconds .

========================================================================
Received Import Request.
  Time since last request: 0.982565 seconds.
  path: Assets/_Developers/jackh/TestingGrounds.unity
  artifactKey: Guid(64be3f003b2b6404b83c473f1786178f) Importer(815301076,1909f56bfc062723c751e8b465ee728b)
Start importing Assets/_Developers/jackh/TestingGrounds.unity using Guid(64be3f003b2b6404b83c473f1786178f) Importer(815301076,1909f56bfc062723c751e8b465ee728b)  -> (artifact id: '6035416c12f3c97730e21060e7cf519c') in 0.006805 seconds
  Import took 0.008249 seconds .

========================================================================
Received Import Request.
  Time since last request: 423.312572 seconds.
  path: Assets/Platformer/Art
  artifactKey: Guid(9c69ce4805a90dc41abf1a207961ce11) Importer(815301076,1909f56bfc062723c751e8b465ee728b)
Start importing Assets/Platformer/Art using Guid(9c69ce4805a90dc41abf1a207961ce11) Importer(815301076,1909f56bfc062723c751e8b465ee728b)  -> (artifact id: '1815b6f088b552b05cac042d079877d8') in 0.006495 seconds
  Import took 0.008008 seconds .

========================================================================
Received Prepare
Registering precompiled user dll's ...
Registered in 0.000606 seconds.
Begin MonoManager ReloadAssembly
Native extension for WindowsStandalone target not found
Native extension for WebGL target not found
Refreshing native plugins compatible for Editor in 0.18 ms, found 0 plugins.
Preloading 0 native plugins for Editor in 0.00 ms.
Mono: successfully reloaded assembly
- Completed reload, in  0.609 seconds
Platform modules already initialized, skipping
Refreshing native plugins compatible for Editor in 0.18 ms, found 0 plugins.
Preloading 0 native plugins for Editor in 0.00 ms.
Unloading 1144 Unused Serialized files (Serialized files now loaded: 0)
System memory in use before: 57.9 MB.
System memory in use after: 58.0 MB.

Unloading 4 unused Assets to reduce memory usage. Loaded Objects now: 1596.
Total: 1.252600 ms (FindLiveObjects: 0.111700 ms CreateObjectMapping: 0.039200 ms MarkObjects: 1.089800 ms  DeleteObjects: 0.011200 ms)

========================================================================
Received Import Request.
  Time since last request: 21.518712 seconds.
  path: Assets/Platformer/Art/Square.png
  artifactKey: Guid(9da19a33789c76e48a2782d241e3dd67) Importer(815301076,1909f56bfc062723c751e8b465ee728b)
Start importing Assets/Platformer/Art/Square.png using Guid(9da19a33789c76e48a2782d241e3dd67) Importer(815301076,1909f56bfc062723c751e8b465ee728b)  -> (artifact id: '9227e49e63e7f6d565eabb84f1766409') in 0.136884 seconds
  Import took 0.138317 seconds .

========================================================================
Received Prepare
Registering precompiled user dll's ...
Registered in 0.000692 seconds.
Begin MonoManager ReloadAssembly
Native extension for WindowsStandalone target not found
Native extension for WebGL target not found
Refreshing native plugins compatible for Editor in 0.18 ms, found 0 plugins.
Preloading 0 native plugins for Editor in 0.00 ms.
Mono: successfully reloaded assembly
- Completed reload, in  0.630 seconds
Platform modules already initialized, skipping
Refreshing native plugins compatible for Editor in 0.20 ms, found 0 plugins.
Preloading 0 native plugins for Editor in 0.00 ms.
Unloading 1144 Unused Serialized files (Serialized files now loaded: 0)
System memory in use before: 61.0 MB.
System memory in use after: 61.1 MB.

Unloading 4 unused Assets to reduce memory usage. Loaded Objects now: 1605.
Total: 1.210500 ms (FindLiveObjects: 0.099500 ms CreateObjectMapping: 0.027800 ms MarkObjects: 1.073100 ms  DeleteObjects: 0.009200 ms)

========================================================================
Received Import Request.
  Time since last request: 790.799870 seconds.
  path: Assets/Platformer/Scripts
  artifactKey: Guid(4bb4d4a2b6d38ae45a1f93863555e8e0) Importer(815301076,1909f56bfc062723c751e8b465ee728b)
Start importing Assets/Platformer/Scripts using Guid(4bb4d4a2b6d38ae45a1f93863555e8e0) Importer(815301076,1909f56bfc062723c751e8b465ee728b)  -> (artifact id: 'becc8b3b7945ba7c418e47f4eb3dc16b') in 0.008424 seconds
  Import took 0.010851 seconds .

========================================================================
Received Import Request.
  Time since last request: 8.951410 seconds.
  path: Assets/Platformer/Scripts/MainMenu.cs
  artifactKey: Guid(6cc26bf7616e14b488eec2be28179d83) Importer(815301076,1909f56bfc062723c751e8b465ee728b)
Start importing Assets/Platformer/Scripts/MainMenu.cs using Guid(6cc26bf7616e14b488eec2be28179d83) Importer(815301076,1909f56bfc062723c751e8b465ee728b)  -> (artifact id: 'e769f2beacc6e938b9efb9478ba5d65a') in 0.008086 seconds
  Import took 0.009647 seconds .

========================================================================
Received Import Request.
  Time since last request: 0.001093 seconds.
  path: Assets/Platformer/Scripts/MainMenu.cs
  artifactKey: Guid(6cc26bf7616e14b488eec2be28179d83) Importer(815301076,1909f56bfc062723c751e8b465ee728b)
Start importing Assets/Platformer/Scripts/MainMenu.cs using Guid(6cc26bf7616e14b488eec2be28179d83) Importer(815301076,1909f56bfc062723c751e8b465ee728b)  -> (artifact id: 'e769f2beacc6e938b9efb9478ba5d65a') in 0.002179 seconds
  Import took 0.005216 seconds .

========================================================================
Received Prepare
Registering precompiled user dll's ...
Registered in 0.002552 seconds.
Begin MonoManager ReloadAssembly
Native extension for WindowsStandalone target not found
Native extension for WebGL target not found
Refreshing native plugins compatible for Editor in 0.20 ms, found 0 plugins.
Preloading 0 native plugins for Editor in 0.00 ms.
Mono: successfully reloaded assembly
- Completed reload, in  0.683 seconds
Platform modules already initialized, skipping
Refreshing native plugins compatible for Editor in 0.24 ms, found 0 plugins.
Preloading 0 native plugins for Editor in 0.00 ms.
Unloading 1145 Unused Serialized files (Serialized files now loaded: 0)
System memory in use before: 61.0 MB.
System memory in use after: 61.1 MB.

Unloading 4 unused Assets to reduce memory usage. Loaded Objects now: 1609.
Total: 1.248300 ms (FindLiveObjects: 0.113100 ms CreateObjectMapping: 0.032300 ms MarkObjects: 1.091800 ms  DeleteObjects: 0.010100 ms)

========================================================================
Received Import Request.
  Time since last request: 495.582302 seconds.
  path: Assets/Platformer/Scripts/Menu.cs
  artifactKey: Guid(6cc26bf7616e14b488eec2be28179d83) Importer(815301076,1909f56bfc062723c751e8b465ee728b)
Start importing Assets/Platformer/Scripts/Menu.cs using Guid(6cc26bf7616e14b488eec2be28179d83) Importer(815301076,1909f56bfc062723c751e8b465ee728b)  -> (artifact id: '2ff3166975f1b61fe9ab8f5b0060ef64') in 0.008188 seconds
  Import took 0.010039 seconds .

========================================================================
Received Prepare
Registering precompiled user dll's ...
Registered in 0.000599 seconds.
Begin MonoManager ReloadAssembly
Native extension for WindowsStandalone target not found
Native extension for WebGL target not found
Refreshing native plugins compatible for Editor in 0.17 ms, found 0 plugins.
Preloading 0 native plugins for Editor in 0.00 ms.
Mono: successfully reloaded assembly
- Completed reload, in  0.641 seconds
Platform modules already initialized, skipping
Refreshing native plugins compatible for Editor in 0.17 ms, found 0 plugins.
Preloading 0 native plugins for Editor in 0.00 ms.
Unloading 1145 Unused Serialized files (Serialized files now loaded: 0)
System memory in use before: 61.0 MB.
System memory in use after: 61.1 MB.

Unloading 4 unused Assets to reduce memory usage. Loaded Objects now: 1612.
Total: 1.499300 ms (FindLiveObjects: 0.092800 ms CreateObjectMapping: 0.025600 ms MarkObjects: 1.369600 ms  DeleteObjects: 0.010700 ms)

========================================================================
Received Import Request.
  Time since last request: 328.290726 seconds.
  path: Assets/Platformer/Scripts/Menu.cs
  artifactKey: Guid(6cc26bf7616e14b488eec2be28179d83) Importer(815301076,1909f56bfc062723c751e8b465ee728b)
Start importing Assets/Platformer/Scripts/Menu.cs using Guid(6cc26bf7616e14b488eec2be28179d83) Importer(815301076,1909f56bfc062723c751e8b465ee728b)  -> (artifact id: '5a3eb273ba8f12525f8acb49aa369e7e') in 0.007949 seconds
  Import took 0.009964 seconds .

========================================================================
Received Import Request.
  Time since last request: 0.000569 seconds.
  path: Assets/Platformer/Scripts/Menu.cs
  artifactKey: Guid(6cc26bf7616e14b488eec2be28179d83) Importer(815301076,1909f56bfc062723c751e8b465ee728b)
Start importing Assets/Platformer/Scripts/Menu.cs using Guid(6cc26bf7616e14b488eec2be28179d83) Importer(815301076,1909f56bfc062723c751e8b465ee728b)  -> (artifact id: '5a3eb273ba8f12525f8acb49aa369e7e') in 0.002180 seconds
  Import took 0.003650 seconds .

========================================================================
Received Prepare
Registering precompiled user dll's ...
Registered in 0.000708 seconds.
Begin MonoManager ReloadAssembly
Native extension for WindowsStandalone target not found
Native extension for WebGL target not found
Refreshing native plugins compatible for Editor in 0.18 ms, found 0 plugins.
Preloading 0 native plugins for Editor in 0.00 ms.
Mono: successfully reloaded assembly
- Completed reload, in  0.618 seconds
Platform modules already initialized, skipping
Refreshing native plugins compatible for Editor in 0.18 ms, found 0 plugins.
Preloading 0 native plugins for Editor in 0.00 ms.
Unloading 1145 Unused Serialized files (Serialized files now loaded: 0)
System memory in use before: 61.1 MB.
System memory in use after: 61.2 MB.

Unloading 4 unused Assets to reduce memory usage. Loaded Objects now: 1615.
Total: 1.311600 ms (FindLiveObjects: 0.097500 ms CreateObjectMapping: 0.026600 ms MarkObjects: 1.176600 ms  DeleteObjects: 0.010200 ms)

========================================================================
Received Import Request.
  Time since last request: 460.507174 seconds.
  path: Assets/Platformer/Scripts/Menu.cs
  artifactKey: Guid(6cc26bf7616e14b488eec2be28179d83) Importer(815301076,1909f56bfc062723c751e8b465ee728b)
Start importing Assets/Platformer/Scripts/Menu.cs using Guid(6cc26bf7616e14b488eec2be28179d83) Importer(815301076,1909f56bfc062723c751e8b465ee728b)  -> (artifact id: 'f998c37f4110d8f9abaf41b2670f1ed9') in 0.003392 seconds
  Import took 0.004792 seconds .

========================================================================
Received Prepare
Registering precompiled user dll's ...
Registered in 0.000670 seconds.
Begin MonoManager ReloadAssembly
Native extension for WindowsStandalone target not found
Native extension for WebGL target not found
Refreshing native plugins compatible for Editor in 0.18 ms, found 0 plugins.
Preloading 0 native plugins for Editor in 0.00 ms.
Mono: successfully reloaded assembly
- Completed reload, in  0.624 seconds
Platform modules already initialized, skipping
Refreshing native plugins compatible for Editor in 0.17 ms, found 0 plugins.
Preloading 0 native plugins for Editor in 0.00 ms.
Unloading 1145 Unused Serialized files (Serialized files now loaded: 0)
System memory in use before: 61.1 MB.
System memory in use after: 61.2 MB.

Unloading 4 unused Assets to reduce memory usage. Loaded Objects now: 1618.
Total: 1.271400 ms (FindLiveObjects: 0.101900 ms CreateObjectMapping: 0.028600 ms MarkObjects: 1.130000 ms  DeleteObjects: 0.010300 ms)

========================================================================
Received Prepare
Registering precompiled user dll's ...
Registered in 0.000623 seconds.
Begin MonoManager ReloadAssembly
Native extension for WindowsStandalone target not found
Native extension for WebGL target not found
Refreshing native plugins compatible for Editor in 0.18 ms, found 0 plugins.
Preloading 0 native plugins for Editor in 0.00 ms.
Mono: successfully reloaded assembly
- Completed reload, in  0.626 seconds
Platform modules already initialized, skipping
Refreshing native plugins compatible for Editor in 0.16 ms, found 0 plugins.
Preloading 0 native plugins for Editor in 0.00 ms.
Unloading 1145 Unused Serialized files (Serialized files now loaded: 0)
System memory in use before: 61.1 MB.
System memory in use after: 61.2 MB.

Unloading 4 unused Assets to reduce memory usage. Loaded Objects now: 1621.
Total: 1.177700 ms (FindLiveObjects: 0.093400 ms CreateObjectMapping: 0.026800 ms MarkObjects: 1.047500 ms  DeleteObjects: 0.009300 ms)

========================================================================
Received Import Request.
  Time since last request: 263.349099 seconds.
  path: Assets/Platformer/Scripts/Menu.cs
  artifactKey: Guid(6cc26bf7616e14b488eec2be28179d83) Importer(815301076,1909f56bfc062723c751e8b465ee728b)
Start importing Assets/Platformer/Scripts/Menu.cs using Guid(6cc26bf7616e14b488eec2be28179d83) Importer(815301076,1909f56bfc062723c751e8b465ee728b)  -> (artifact id: 'c40793f2ab784da4e892c1a7c6936557') in 0.003558 seconds
  Import took 0.005087 seconds .

========================================================================
Received Import Request.
  Time since last request: 43.504075 seconds.
  path: Assets/Platformer/_Levels/New Scene.unity
  artifactKey: Guid(2e8abf6cee867bf4983713e9aff3a59e) Importer(815301076,1909f56bfc062723c751e8b465ee728b)
Start importing Assets/Platformer/_Levels/New Scene.unity using Guid(2e8abf6cee867bf4983713e9aff3a59e) Importer(815301076,1909f56bfc062723c751e8b465ee728b)  -> (artifact id: 'd70f6ac45c5beb8604aaadedc508cbe2') in 0.013049 seconds
  Import took 0.014555 seconds .

========================================================================
Received Prepare
Registering precompiled user dll's ...
Registered in 0.000695 seconds.
Begin MonoManager ReloadAssembly
Native extension for WindowsStandalone target not found
Native extension for WebGL target not found
Refreshing native plugins compatible for Editor in 0.18 ms, found 0 plugins.
Preloading 0 native plugins for Editor in 0.00 ms.
Mono: successfully reloaded assembly
- Completed reload, in  0.620 seconds
Platform modules already initialized, skipping
Refreshing native plugins compatible for Editor in 0.17 ms, found 0 plugins.
Preloading 0 native plugins for Editor in 0.00 ms.
Unloading 1145 Unused Serialized files (Serialized files now loaded: 0)
System memory in use before: 61.1 MB.
System memory in use after: 61.2 MB.

Unloading 4 unused Assets to reduce memory usage. Loaded Objects now: 1624.
Total: 1.338500 ms (FindLiveObjects: 0.088200 ms CreateObjectMapping: 0.027500 ms MarkObjects: 1.212900 ms  DeleteObjects: 0.009300 ms)

========================================================================
Received Prepare
Registering precompiled user dll's ...
Registered in 0.000636 seconds.
Begin MonoManager ReloadAssembly
Native extension for WindowsStandalone target not found
Native extension for WebGL target not found
Refreshing native plugins compatible for Editor in 0.18 ms, found 0 plugins.
Preloading 0 native plugins for Editor in 0.00 ms.
Mono: successfully reloaded assembly
- Completed reload, in  0.633 seconds
Platform modules already initialized, skipping
Refreshing native plugins compatible for Editor in 0.17 ms, found 0 plugins.
Preloading 0 native plugins for Editor in 0.00 ms.
Unloading 1145 Unused Serialized files (Serialized files now loaded: 0)
System memory in use before: 61.1 MB.
System memory in use after: 61.2 MB.

Unloading 4 unused Assets to reduce memory usage. Loaded Objects now: 1627.
Total: 1.363500 ms (FindLiveObjects: 0.093100 ms CreateObjectMapping: 0.025500 ms MarkObjects: 1.233600 ms  DeleteObjects: 0.010800 ms)

========================================================================
Received Prepare
Registering precompiled user dll's ...
Registered in 0.000570 seconds.
Begin MonoManager ReloadAssembly
Native extension for WindowsStandalone target not found
Native extension for WebGL target not found
Refreshing native plugins compatible for Editor in 0.17 ms, found 0 plugins.
Preloading 0 native plugins for Editor in 0.00 ms.
Mono: successfully reloaded assembly
- Completed reload, in  0.621 seconds
Platform modules already initialized, skipping
Refreshing native plugins compatible for Editor in 0.17 ms, found 0 plugins.
Preloading 0 native plugins for Editor in 0.00 ms.
Unloading 1145 Unused Serialized files (Serialized files now loaded: 0)
System memory in use before: 61.1 MB.
System memory in use after: 61.2 MB.

Unloading 4 unused Assets to reduce memory usage. Loaded Objects now: 1630.
Total: 1.298500 ms (FindLiveObjects: 0.092900 ms CreateObjectMapping: 0.025600 ms MarkObjects: 1.169600 ms  DeleteObjects: 0.009500 ms)

========================================================================
Received Prepare
Registering precompiled user dll's ...
Registered in 0.000588 seconds.
Begin MonoManager ReloadAssembly
Native extension for WindowsStandalone target not found
Native extension for WebGL target not found
Refreshing native plugins compatible for Editor in 0.17 ms, found 0 plugins.
Preloading 0 native plugins for Editor in 0.00 ms.
Mono: successfully reloaded assembly
- Completed reload, in  0.617 seconds
Platform modules already initialized, skipping
Refreshing native plugins compatible for Editor in 0.38 ms, found 0 plugins.
Preloading 0 native plugins for Editor in 0.00 ms.
Unloading 1145 Unused Serialized files (Serialized files now loaded: 0)
System memory in use before: 61.1 MB.
System memory in use after: 61.2 MB.

Unloading 4 unused Assets to reduce memory usage. Loaded Objects now: 1633.
Total: 1.228700 ms (FindLiveObjects: 0.092300 ms CreateObjectMapping: 0.024600 ms MarkObjects: 1.101600 ms  DeleteObjects: 0.009500 ms)

========================================================================
Received Import Request.
  Time since last request: 154.853648 seconds.
  path: Assets/Platformer/_Levels/MainMenu.unity
  artifactKey: Guid(aee16d12c52854345861467ce1e6f138) Importer(815301076,1909f56bfc062723c751e8b465ee728b)
Start importing Assets/Platformer/_Levels/MainMenu.unity using Guid(aee16d12c52854345861467ce1e6f138) Importer(815301076,1909f56bfc062723c751e8b465ee728b)  -> (artifact id: '96b0ef222220b561678383083d08eaf0') in 0.012005 seconds
  Import took 0.013565 seconds .

========================================================================
Received Import Request.
  Time since last request: 28.755961 seconds.
  path: Assets/Platformer/_Levels/Main_Menu.unity
  artifactKey: Guid(aee16d12c52854345861467ce1e6f138) Importer(815301076,1909f56bfc062723c751e8b465ee728b)
Start importing Assets/Platformer/_Levels/Main_Menu.unity using Guid(aee16d12c52854345861467ce1e6f138) Importer(815301076,1909f56bfc062723c751e8b465ee728b)  -> (artifact id: '2dc8d314b81e2b17c6dfeae1e8daa51a') in 0.008601 seconds
  Import took 0.010345 seconds .

========================================================================
Received Import Request.
  Time since last request: 19.298651 seconds.
  path: Assets/Platformer/_Levels/Menu_Main.unity
  artifactKey: Guid(aee16d12c52854345861467ce1e6f138) Importer(815301076,1909f56bfc062723c751e8b465ee728b)
Start importing Assets/Platformer/_Levels/Menu_Main.unity using Guid(aee16d12c52854345861467ce1e6f138) Importer(815301076,1909f56bfc062723c751e8b465ee728b)  -> (artifact id: 'e1bce17ba7077275a6cb1ed6d2c81d06') in 0.006589 seconds
  Import took 0.008124 seconds .

========================================================================
Received Import Request.
  Time since last request: 19.335393 seconds.
  path: Assets/Platformer/_Levels/Menu_0Main.unity
  artifactKey: Guid(aee16d12c52854345861467ce1e6f138) Importer(815301076,1909f56bfc062723c751e8b465ee728b)
Start importing Assets/Platformer/_Levels/Menu_0Main.unity using Guid(aee16d12c52854345861467ce1e6f138) Importer(815301076,1909f56bfc062723c751e8b465ee728b)  -> (artifact id: '4c622aaf1f01f84f0734444b30355667') in 0.005813 seconds
  Import took 0.007388 seconds .

========================================================================
Received Import Request.
  Time since last request: 89.900201 seconds.
  path: Assets/Platformer/_Levels/Play_Forest.unity
  artifactKey: Guid(ba41d5917662b70439223910a20bba19) Importer(815301076,1909f56bfc062723c751e8b465ee728b)
Start importing Assets/Platformer/_Levels/Play_Forest.unity using Guid(ba41d5917662b70439223910a20bba19) Importer(815301076,1909f56bfc062723c751e8b465ee728b)  -> (artifact id: 'd82a5e03aeb2dfb808ad3a87da36739c') in 0.006222 seconds
  Import took 0.007901 seconds .

========================================================================
Received Import Request.
  Time since last request: 5.498737 seconds.
  path: Assets/Platformer/_Levels/Game_Forest.unity
  artifactKey: Guid(ba41d5917662b70439223910a20bba19) Importer(815301076,1909f56bfc062723c751e8b465ee728b)
Start importing Assets/Platformer/_Levels/Game_Forest.unity using Guid(ba41d5917662b70439223910a20bba19) Importer(815301076,1909f56bfc062723c751e8b465ee728b)  -> (artifact id: '904756fd96ebda9b695dc89bd2abcc8f') in 0.005940 seconds
  Import took 0.007471 seconds .

========================================================================
Received Import Request.
  Time since last request: 20.124710 seconds.
  path: Assets/Platformer/_Levels/0_Main.unity
  artifactKey: Guid(aee16d12c52854345861467ce1e6f138) Importer(815301076,1909f56bfc062723c751e8b465ee728b)
Start importing Assets/Platformer/_Levels/0_Main.unity using Guid(aee16d12c52854345861467ce1e6f138) Importer(815301076,1909f56bfc062723c751e8b465ee728b)  -> (artifact id: 'c6a3ae76996441e3528ab715df9e55a8') in 0.006813 seconds
  Import took 0.008469 seconds .

========================================================================
Received Import Request.
  Time since last request: 18.780691 seconds.
  path: Assets/Platformer/_Levels/Main.unity
  artifactKey: Guid(aee16d12c52854345861467ce1e6f138) Importer(815301076,1909f56bfc062723c751e8b465ee728b)
Start importing Assets/Platformer/_Levels/Main.unity using Guid(aee16d12c52854345861467ce1e6f138) Importer(815301076,1909f56bfc062723c751e8b465ee728b)  -> (artifact id: 'a401a4a03ff1e02b739eabab6708fee3') in 0.006716 seconds
  Import took 0.008325 seconds .

========================================================================
Received Import Request.
  Time since last request: 0.000679 seconds.
  path: Assets/Platformer/_Levels/Main.unity
  artifactKey: Guid(aee16d12c52854345861467ce1e6f138) Importer(815301076,1909f56bfc062723c751e8b465ee728b)
Start importing Assets/Platformer/_Levels/Main.unity using Guid(aee16d12c52854345861467ce1e6f138) Importer(815301076,1909f56bfc062723c751e8b465ee728b)  -> (artifact id: 'a401a4a03ff1e02b739eabab6708fee3') in 0.003183 seconds
  Import took 0.004688 seconds .

========================================================================
Received Import Request.
  Time since last request: 4.419543 seconds.
  path: Assets/Platformer/_Levels/Menu
  artifactKey: Guid(4b12714190920d741ac4ce57aed0c28c) Importer(815301076,1909f56bfc062723c751e8b465ee728b)
Start importing Assets/Platformer/_Levels/Menu using Guid(4b12714190920d741ac4ce57aed0c28c) Importer(815301076,1909f56bfc062723c751e8b465ee728b)  -> (artifact id: 'd5bf6d779f087487d8423cea2dea6671') in 0.002708 seconds
  Import took 0.004489 seconds .

========================================================================
Received Import Request.
  Time since last request: 7.216869 seconds.
  path: Assets/Platformer/_Levels/Menus
  artifactKey: Guid(4b12714190920d741ac4ce57aed0c28c) Importer(815301076,1909f56bfc062723c751e8b465ee728b)
Start importing Assets/Platformer/_Levels/Menus using Guid(4b12714190920d741ac4ce57aed0c28c) Importer(815301076,1909f56bfc062723c751e8b465ee728b)  -> (artifact id: 'c9a9279ad08fb9344a4a2aa1f8cde802') in 0.005743 seconds
  Import took 0.007306 seconds .

========================================================================
Received Import Request.
  Time since last request: 80.298677 seconds.
  path: Assets/Platformer/_Levels/Menus/Title.unity
  artifactKey: Guid(aee16d12c52854345861467ce1e6f138) Importer(815301076,1909f56bfc062723c751e8b465ee728b)
Start importing Assets/Platformer/_Levels/Menus/Title.unity using Guid(aee16d12c52854345861467ce1e6f138) Importer(815301076,1909f56bfc062723c751e8b465ee728b)  -> (artifact id: 'a92e72d4ba737dc3dde2d00f597d5f9a') in 0.006378 seconds
  Import took 0.007929 seconds .

========================================================================
Received Import Request.
  Time since last request: 13.295519 seconds.
  path: Assets/Platformer/_Levels/Menus/0_Title.unity
  artifactKey: Guid(aee16d12c52854345861467ce1e6f138) Importer(815301076,1909f56bfc062723c751e8b465ee728b)
Start importing Assets/Platformer/_Levels/Menus/0_Title.unity using Guid(aee16d12c52854345861467ce1e6f138) Importer(815301076,1909f56bfc062723c751e8b465ee728b)  -> (artifact id: '072e0053536da157435dc45ba7ff3552') in 0.006421 seconds
  Import took 0.008110 seconds .

========================================================================
Received Import Request.
  Time since last request: 0.000307 seconds.
  path: Assets/Platformer/_Levels/Menus/0_Title.unity
  artifactKey: Guid(aee16d12c52854345861467ce1e6f138) Importer(815301076,1909f56bfc062723c751e8b465ee728b)
Start importing Assets/Platformer/_Levels/Menus/0_Title.unity using Guid(aee16d12c52854345861467ce1e6f138) Importer(815301076,1909f56bfc062723c751e8b465ee728b)  -> (artifact id: '072e0053536da157435dc45ba7ff3552') in 0.007835 seconds
  Import took 0.009388 seconds .

========================================================================
Received Import Request.
  Time since last request: 27.247365 seconds.
  path: Assets/Platformer/_Levels/Forest.unity
  artifactKey: Guid(ba41d5917662b70439223910a20bba19) Importer(815301076,1909f56bfc062723c751e8b465ee728b)
Start importing Assets/Platformer/_Levels/Forest.unity using Guid(ba41d5917662b70439223910a20bba19) Importer(815301076,1909f56bfc062723c751e8b465ee728b)  -> (artifact id: 'eef285ac7c138974390efeb3baa847fd') in 0.006444 seconds
  Import took 0.007969 seconds .

========================================================================
Received Prepare
Registering precompiled user dll's ...
Registered in 0.000641 seconds.
Begin MonoManager ReloadAssembly
Native extension for WindowsStandalone target not found
Native extension for WebGL target not found
Refreshing native plugins compatible for Editor in 0.19 ms, found 0 plugins.
Preloading 0 native plugins for Editor in 0.00 ms.
Mono: successfully reloaded assembly
- Completed reload, in  0.636 seconds
Platform modules already initialized, skipping
Refreshing native plugins compatible for Editor in 0.18 ms, found 0 plugins.
Preloading 0 native plugins for Editor in 0.00 ms.
Unloading 1145 Unused Serialized files (Serialized files now loaded: 0)
System memory in use before: 61.2 MB.
System memory in use after: 61.3 MB.

Unloading 4 unused Assets to reduce memory usage. Loaded Objects now: 1636.
Total: 1.311400 ms (FindLiveObjects: 0.097300 ms CreateObjectMapping: 0.023400 ms MarkObjects: 1.179700 ms  DeleteObjects: 0.010300 ms)

========================================================================
Received Prepare
Registering precompiled user dll's ...
Registered in 0.000669 seconds.
Begin MonoManager ReloadAssembly
Native extension for WindowsStandalone target not found
Native extension for WebGL target not found
Refreshing native plugins compatible for Editor in 0.18 ms, found 0 plugins.
Preloading 0 native plugins for Editor in 0.00 ms.
Mono: successfully reloaded assembly
- Completed reload, in  0.638 seconds
Platform modules already initialized, skipping
Refreshing native plugins compatible for Editor in 0.21 ms, found 0 plugins.
Preloading 0 native plugins for Editor in 0.00 ms.
Unloading 1145 Unused Serialized files (Serialized files now loaded: 0)
System memory in use before: 61.2 MB.
System memory in use after: 61.3 MB.

Unloading 4 unused Assets to reduce memory usage. Loaded Objects now: 1639.
Total: 1.326600 ms (FindLiveObjects: 0.099400 ms CreateObjectMapping: 0.026600 ms MarkObjects: 1.190400 ms  DeleteObjects: 0.009600 ms)

========================================================================
Received Import Request.
  Time since last request: 178.695320 seconds.
  path: Assets/Platformer/Scripts/GameController.cs
  artifactKey: Guid(ac256e6e6c4479f46bc65f45a4090d84) Importer(815301076,1909f56bfc062723c751e8b465ee728b)
Start importing Assets/Platformer/Scripts/GameController.cs using Guid(ac256e6e6c4479f46bc65f45a4090d84) Importer(815301076,1909f56bfc062723c751e8b465ee728b)  -> (artifact id: '0cddd150d1006fd64134f940c7a1861b') in 0.008215 seconds
  Import took 0.009794 seconds .

========================================================================
Received Prepare
Registering precompiled user dll's ...
Registered in 0.000621 seconds.
Begin MonoManager ReloadAssembly
Native extension for WindowsStandalone target not found
Native extension for WebGL target not found
Refreshing native plugins compatible for Editor in 0.18 ms, found 0 plugins.
Preloading 0 native plugins for Editor in 0.00 ms.
Mono: successfully reloaded assembly
- Completed reload, in  0.632 seconds
Platform modules already initialized, skipping
Refreshing native plugins compatible for Editor in 0.17 ms, found 0 plugins.
Preloading 0 native plugins for Editor in 0.00 ms.
Unloading 1146 Unused Serialized files (Serialized files now loaded: 0)
System memory in use before: 61.2 MB.
System memory in use after: 61.3 MB.

Unloading 4 unused Assets to reduce memory usage. Loaded Objects now: 1643.
Total: 1.311000 ms (FindLiveObjects: 0.098200 ms CreateObjectMapping: 0.024900 ms MarkObjects: 1.177400 ms  DeleteObjects: 0.009900 ms)

========================================================================
Received Prepare
Registering precompiled user dll's ...
Registered in 0.000658 seconds.
Begin MonoManager ReloadAssembly
Native extension for WindowsStandalone target not found
Native extension for WebGL target not found
Refreshing native plugins compatible for Editor in 0.18 ms, found 0 plugins.
Preloading 0 native plugins for Editor in 0.00 ms.
Mono: successfully reloaded assembly
- Completed reload, in  0.634 seconds
Platform modules already initialized, skipping
Refreshing native plugins compatible for Editor in 0.18 ms, found 0 plugins.
Preloading 0 native plugins for Editor in 0.00 ms.
Unloading 1146 Unused Serialized files (Serialized files now loaded: 0)
System memory in use before: 61.2 MB.
System memory in use after: 61.3 MB.

Unloading 4 unused Assets to reduce memory usage. Loaded Objects now: 1646.
Total: 1.264600 ms (FindLiveObjects: 0.104200 ms CreateObjectMapping: 0.027600 ms MarkObjects: 1.121600 ms  DeleteObjects: 0.010400 ms)

========================================================================
Received Import Request.
  Time since last request: 80.946036 seconds.
  path: Assets/Platformer/Scripts/GameController.cs
  artifactKey: Guid(ac256e6e6c4479f46bc65f45a4090d84) Importer(815301076,1909f56bfc062723c751e8b465ee728b)
Start importing Assets/Platformer/Scripts/GameController.cs using Guid(ac256e6e6c4479f46bc65f45a4090d84) Importer(815301076,1909f56bfc062723c751e8b465ee728b)  -> (artifact id: '8415aa0dcb15a68337d3c77d06644a87') in 0.003321 seconds
  Import took 0.004732 seconds .

========================================================================
Received Prepare
Registering precompiled user dll's ...
Registered in 0.000634 seconds.
Begin MonoManager ReloadAssembly
Native extension for WindowsStandalone target not found
Native extension for WebGL target not found
Refreshing native plugins compatible for Editor in 0.18 ms, found 0 plugins.
Preloading 0 native plugins for Editor in 0.00 ms.
Mono: successfully reloaded assembly
- Completed reload, in  0.642 seconds
Platform modules already initialized, skipping
Refreshing native plugins compatible for Editor in 0.17 ms, found 0 plugins.
Preloading 0 native plugins for Editor in 0.00 ms.
Unloading 1146 Unused Serialized files (Serialized files now loaded: 0)
System memory in use before: 61.2 MB.
System memory in use after: 61.3 MB.

Unloading 4 unused Assets to reduce memory usage. Loaded Objects now: 1649.
Total: 1.214400 ms (FindLiveObjects: 0.093100 ms CreateObjectMapping: 0.026000 ms MarkObjects: 1.085800 ms  DeleteObjects: 0.008900 ms)

========================================================================
Received Import Request.
  Time since last request: 158.807226 seconds.
  path: Assets/Platformer/Scripts/GameController.cs
  artifactKey: Guid(ac256e6e6c4479f46bc65f45a4090d84) Importer(815301076,1909f56bfc062723c751e8b465ee728b)
Start importing Assets/Platformer/Scripts/GameController.cs using Guid(ac256e6e6c4479f46bc65f45a4090d84) Importer(815301076,1909f56bfc062723c751e8b465ee728b)  -> (artifact id: '0c7c776d08bd35e19cce9994dd01a0af') in 0.003688 seconds
  Import took 0.005123 seconds .

========================================================================
Received Prepare
Registering precompiled user dll's ...
Registered in 0.000652 seconds.
Begin MonoManager ReloadAssembly
Native extension for WindowsStandalone target not found
Native extension for WebGL target not found
Refreshing native plugins compatible for Editor in 0.18 ms, found 0 plugins.
Preloading 0 native plugins for Editor in 0.00 ms.
Mono: successfully reloaded assembly
- Completed reload, in  0.641 seconds
Platform modules already initialized, skipping
Refreshing native plugins compatible for Editor in 0.17 ms, found 0 plugins.
Preloading 0 native plugins for Editor in 0.00 ms.
Unloading 1146 Unused Serialized files (Serialized files now loaded: 0)
System memory in use before: 61.2 MB.
System memory in use after: 61.3 MB.

Unloading 4 unused Assets to reduce memory usage. Loaded Objects now: 1652.
Total: 1.312300 ms (FindLiveObjects: 0.099000 ms CreateObjectMapping: 0.028200 ms MarkObjects: 1.173500 ms  DeleteObjects: 0.010900 ms)

========================================================================
Received Import Request.
  Time since last request: 79.675077 seconds.
  path: Assets/Platformer/Scripts/GameController.cs
  artifactKey: Guid(ac256e6e6c4479f46bc65f45a4090d84) Importer(815301076,1909f56bfc062723c751e8b465ee728b)
Start importing Assets/Platformer/Scripts/GameController.cs using Guid(ac256e6e6c4479f46bc65f45a4090d84) Importer(815301076,1909f56bfc062723c751e8b465ee728b)  -> (artifact id: '5d6a3835bedaf244a9e8f474878c8d44') in 0.003365 seconds
  Import took 0.004789 seconds .

========================================================================
Received Prepare
Registering precompiled user dll's ...
Registered in 0.000597 seconds.
Begin MonoManager ReloadAssembly
Native extension for WindowsStandalone target not found
Native extension for WebGL target not found
Refreshing native plugins compatible for Editor in 0.18 ms, found 0 plugins.
Preloading 0 native plugins for Editor in 0.00 ms.
Mono: successfully reloaded assembly
- Completed reload, in  0.640 seconds
Platform modules already initialized, skipping
Refreshing native plugins compatible for Editor in 0.16 ms, found 0 plugins.
Preloading 0 native plugins for Editor in 0.00 ms.
Unloading 1146 Unused Serialized files (Serialized files now loaded: 0)
System memory in use before: 61.2 MB.
System memory in use after: 61.3 MB.

Unloading 4 unused Assets to reduce memory usage. Loaded Objects now: 1655.
Total: 1.503000 ms (FindLiveObjects: 0.158100 ms CreateObjectMapping: 0.065100 ms MarkObjects: 1.269100 ms  DeleteObjects: 0.009900 ms)

========================================================================
Received Import Request.
  Time since last request: 37.423291 seconds.
  path: Assets/Platformer/Scripts/Menu.cs
  artifactKey: Guid(6cc26bf7616e14b488eec2be28179d83) Importer(815301076,1909f56bfc062723c751e8b465ee728b)
Start importing Assets/Platformer/Scripts/Menu.cs using Guid(6cc26bf7616e14b488eec2be28179d83) Importer(815301076,1909f56bfc062723c751e8b465ee728b)  -> (artifact id: 'd27af09dd709838c696bd26a27fb4b72') in 0.006689 seconds
  Import took 0.008392 seconds .

========================================================================
Received Prepare
Registering precompiled user dll's ...
Registered in 0.000633 seconds.
Begin MonoManager ReloadAssembly
Native extension for WindowsStandalone target not found
Native extension for WebGL target not found
Refreshing native plugins compatible for Editor in 0.17 ms, found 0 plugins.
Preloading 0 native plugins for Editor in 0.00 ms.
Mono: successfully reloaded assembly
- Completed reload, in  0.626 seconds
Platform modules already initialized, skipping
Refreshing native plugins compatible for Editor in 0.18 ms, found 0 plugins.
Preloading 0 native plugins for Editor in 0.00 ms.
Unloading 1146 Unused Serialized files (Serialized files now loaded: 0)
System memory in use before: 61.2 MB.
System memory in use after: 61.3 MB.

Unloading 4 unused Assets to reduce memory usage. Loaded Objects now: 1658.
Total: 1.330300 ms (FindLiveObjects: 0.102900 ms CreateObjectMapping: 0.027200 ms MarkObjects: 1.187800 ms  DeleteObjects: 0.011400 ms)

========================================================================
Received Prepare
Registering precompiled user dll's ...
Registered in 0.000609 seconds.
Begin MonoManager ReloadAssembly
Native extension for WindowsStandalone target not found
Native extension for WebGL target not found
Refreshing native plugins compatible for Editor in 0.18 ms, found 0 plugins.
Preloading 0 native plugins for Editor in 0.00 ms.
Mono: successfully reloaded assembly
- Completed reload, in  0.742 seconds
Platform modules already initialized, skipping
Refreshing native plugins compatible for Editor in 0.16 ms, found 0 plugins.
Preloading 0 native plugins for Editor in 0.00 ms.
Unloading 1146 Unused Serialized files (Serialized files now loaded: 0)
System memory in use before: 61.2 MB.
System memory in use after: 61.3 MB.

Unloading 4 unused Assets to reduce memory usage. Loaded Objects now: 1661.
Total: 1.289800 ms (FindLiveObjects: 0.094200 ms CreateObjectMapping: 0.025800 ms MarkObjects: 1.160300 ms  DeleteObjects: 0.009100 ms)

========================================================================
Received Import Request.
  Time since last request: 295.676217 seconds.
  path: Assets/Platformer/Characters/PlayerMovement.cs
  artifactKey: Guid(26bb7286e1048074695b5ac3790d91ef) Importer(815301076,1909f56bfc062723c751e8b465ee728b)
Start importing Assets/Platformer/Characters/PlayerMovement.cs using Guid(26bb7286e1048074695b5ac3790d91ef) Importer(815301076,1909f56bfc062723c751e8b465ee728b)  -> (artifact id: '669e52ec7531adafc7d790af137d8b7d') in 0.006793 seconds
  Import took 0.008319 seconds .

========================================================================
Received Prepare
Registering precompiled user dll's ...
Registered in 0.000720 seconds.
Begin MonoManager ReloadAssembly
Native extension for WindowsStandalone target not found
Native extension for WebGL target not found
Refreshing native plugins compatible for Editor in 0.18 ms, found 0 plugins.
Preloading 0 native plugins for Editor in 0.00 ms.
Mono: successfully reloaded assembly
- Completed reload, in  0.676 seconds
Platform modules already initialized, skipping
Refreshing native plugins compatible for Editor in 0.17 ms, found 0 plugins.
Preloading 0 native plugins for Editor in 0.00 ms.
Unloading 1146 Unused Serialized files (Serialized files now loaded: 0)
System memory in use before: 61.2 MB.
System memory in use after: 61.3 MB.

Unloading 4 unused Assets to reduce memory usage. Loaded Objects now: 1664.
Total: 1.355800 ms (FindLiveObjects: 0.106000 ms CreateObjectMapping: 0.026400 ms MarkObjects: 1.213400 ms  DeleteObjects: 0.009600 ms)

========================================================================
Received Import Request.
  Time since last request: 172.174293 seconds.
  path: Assets/Platformer/_Levels/Template.scenetemplate
  artifactKey: Guid(181869ae33226044b89e7f9ec2679e84) Importer(815301076,1909f56bfc062723c751e8b465ee728b)
Start importing Assets/Platformer/_Levels/Template.scenetemplate using Guid(181869ae33226044b89e7f9ec2679e84) Importer(815301076,1909f56bfc062723c751e8b465ee728b)  -> (artifact id: 'eabc3041467b7a61ff5bb7493ba3dc84') in 0.022537 seconds
  Import took 0.024156 seconds .

========================================================================
Received Import Request.
  Time since last request: 28.848686 seconds.
  path: Assets/Platformer/_Levels/Templae
  artifactKey: Guid(e71e0733307202843941537c18da56e9) Importer(815301076,1909f56bfc062723c751e8b465ee728b)
Start importing Assets/Platformer/_Levels/Templae using Guid(e71e0733307202843941537c18da56e9) Importer(815301076,1909f56bfc062723c751e8b465ee728b)  -> (artifact id: 'e378f3822bbe2e2bfb67f4729ad0e330') in 0.007240 seconds
  Import took 0.008827 seconds .

========================================================================
Received Import Request.
  Time since last request: 3.876964 seconds.
  path: Assets/Platformer/_Levels/Template
  artifactKey: Guid(e71e0733307202843941537c18da56e9) Importer(815301076,1909f56bfc062723c751e8b465ee728b)
Start importing Assets/Platformer/_Levels/Template using Guid(e71e0733307202843941537c18da56e9) Importer(815301076,1909f56bfc062723c751e8b465ee728b)  -> (artifact id: 'b2887682091793343ea994272da11798') in 0.002074 seconds
  Import took 0.003578 seconds .

========================================================================
Received Import Request.
  Time since last request: 28.004438 seconds.
  path: Assets/_Developers/jackh/Levels
  artifactKey: Guid(9ba24fb20c64353409f6fef0b5f08a19) Importer(815301076,1909f56bfc062723c751e8b465ee728b)
Start importing Assets/_Developers/jackh/Levels using Guid(9ba24fb20c64353409f6fef0b5f08a19) Importer(815301076,1909f56bfc062723c751e8b465ee728b)  -> (artifact id: '35c726e42c60f4845eb2ffb4116f7ea6') in 0.005665 seconds
  Import took 0.007170 seconds .

========================================================================
Received Import Request.
  Time since last request: 18.632471 seconds.
  path: Assets/_Developers/jackh/Levels/Template.unity
  artifactKey: Guid(016dcc19aa0e1624589d16922bf24685) Importer(815301076,1909f56bfc062723c751e8b465ee728b)
Start importing Assets/_Developers/jackh/Levels/Template.unity using Guid(016dcc19aa0e1624589d16922bf24685) Importer(815301076,1909f56bfc062723c751e8b465ee728b)  -> (artifact id: 'b18799daf3d8642e7336cc1a9326625b') in 0.005941 seconds
  Import took 0.007483 seconds .

========================================================================
Received Import Request.
  Time since last request: 37.198353 seconds.
  path: Assets/Platformer/_Levels/Menus/Title.unity
  artifactKey: Guid(aee16d12c52854345861467ce1e6f138) Importer(815301076,1909f56bfc062723c751e8b465ee728b)
Start importing Assets/Platformer/_Levels/Menus/Title.unity using Guid(aee16d12c52854345861467ce1e6f138) Importer(815301076,1909f56bfc062723c751e8b465ee728b)  -> (artifact id: '93bfe43ea045b06067776d1bdc9cdd50') in 0.005621 seconds
  Import took 0.007166 seconds .

========================================================================
Received Import Request.
  Time since last request: 165.745166 seconds.
  path: Assets/_Developers/jackh/Levels/Template.unity
  artifactKey: Guid(016dcc19aa0e1624589d16922bf24685) Importer(815301076,1909f56bfc062723c751e8b465ee728b)
Start importing Assets/_Developers/jackh/Levels/Template.unity using Guid(016dcc19aa0e1624589d16922bf24685) Importer(815301076,1909f56bfc062723c751e8b465ee728b)  -> (artifact id: 'f518b27b80481f96c9fc154981095cba') in 0.003105 seconds
  Import took 0.005377 seconds .

========================================================================
Received Import Request.
  Time since last request: 0.000856 seconds.
  path: Assets/_Developers/jackh/Levels/Template.unity
  artifactKey: Guid(016dcc19aa0e1624589d16922bf24685) Importer(815301076,1909f56bfc062723c751e8b465ee728b)
Start importing Assets/_Developers/jackh/Levels/Template.unity using Guid(016dcc19aa0e1624589d16922bf24685) Importer(815301076,1909f56bfc062723c751e8b465ee728b)  -> (artifact id: 'f518b27b80481f96c9fc154981095cba') in 0.002899 seconds
  Import took 0.004617 seconds .

AssetImportWorkerClient::OnTransportError - code=2 error=End of file
